TN:
SF:src\middlewares\auth.middleware.ts
FN:12,(anonymous_1)
FNF:1
FNH:1
FNDA:2,(anonymous_1)
DA:2,1
DA:3,1
DA:4,1
DA:10,1
DA:12,1
DA:13,2
DA:14,2
DA:15,2
DA:16,1
DA:19,1
DA:20,1
DA:22,1
DA:23,1
DA:24,0
DA:27,1
DA:28,1
DA:30,0
LF:17
LH:15
BRDA:15,0,0,1
BRDA:15,1,0,2
BRDA:15,1,1,1
BRDA:23,2,0,0
BRF:4
BRH:3
end_of_record
TN:
SF:src\middlewares\error.middleware.ts
FN:4,(anonymous_0)
FNF:1
FNH:1
FNDA:2,(anonymous_0)
DA:2,1
DA:4,1
DA:5,2
DA:7,2
DA:8,1
DA:14,1
DA:15,1
DA:18,1
DA:19,1
DA:26,0
LF:10
LH:9
BRDA:7,0,0,1
BRDA:14,1,0,1
BRDA:14,1,1,1
BRDA:14,1,2,1
BRDA:15,2,0,1
BRDA:15,2,1,0
BRDA:18,3,0,1
BRF:7
BRH:6
end_of_record
TN:
SF:src\middlewares\role.middleware.ts
FN:4,(anonymous_0)
FN:5,(anonymous_1)
FNF:2
FNH:2
FNDA:3,(anonymous_0)
FNDA:1,(anonymous_1)
DA:4,1
DA:5,3
DA:6,1
DA:7,0
DA:10,1
DA:12,1
DA:13,1
DA:19,0
LF:8
LH:6
BRDA:6,0,0,0
BRDA:12,1,0,1
BRF:2
BRH:1
end_of_record
TN:
SF:src\modules\admin\admin.repository.ts
FN:5,(anonymous_1)
FN:44,(anonymous_2)
FN:67,(anonymous_3)
FN:69,(anonymous_4)
FN:95,(anonymous_5)
FN:111,(anonymous_6)
FNF:6
FNH:0
FNDA:0,(anonymous_1)
FNDA:0,(anonymous_2)
FNDA:0,(anonymous_3)
FNDA:0,(anonymous_4)
FNDA:0,(anonymous_5)
FNDA:0,(anonymous_6)
DA:1,1
DA:4,1
DA:7,0
DA:12,0
DA:17,0
DA:18,0
DA:20,0
DA:21,0
DA:24,0
DA:27,0
DA:31,0
DA:37,0
DA:43,0
DA:44,0
DA:45,0
DA:49,0
DA:55,0
DA:56,0
DA:59,0
DA:67,0
DA:68,0
DA:69,0
DA:70,0
DA:79,0
DA:97,0
DA:100,0
DA:101,0
DA:102,0
DA:103,0
DA:105,0
DA:108,0
DA:112,0
DA:115,0
DA:129,0
LF:34
LH:2
BRDA:45,0,0,0
BRDA:45,0,1,0
BRDA:100,1,0,0
BRDA:100,2,0,0
BRDA:100,2,1,0
BRDA:103,3,0,0
BRDA:103,3,1,0
BRF:7
BRH:0
end_of_record
TN:
SF:src\modules\admin\admin.service.ts
FN:7,(anonymous_0)
FN:9,(anonymous_1)
FN:30,(anonymous_2)
FN:35,(anonymous_3)
FN:46,(anonymous_4)
FN:57,(anonymous_5)
FN:64,(anonymous_6)
FNF:7
FNH:1
FNDA:1,(anonymous_0)
FNDA:0,(anonymous_1)
FNDA:0,(anonymous_2)
FNDA:0,(anonymous_3)
FNDA:0,(anonymous_4)
FNDA:0,(anonymous_5)
FNDA:0,(anonymous_6)
DA:1,1
DA:6,1
DA:7,1
DA:10,0
DA:13,0
DA:26,0
DA:27,0
DA:29,0
DA:30,0
DA:31,0
DA:35,0
DA:36,0
DA:37,0
DA:38,0
DA:45,0
DA:46,0
DA:49,0
DA:53,0
DA:57,0
DA:65,0
DA:66,0
LF:21
LH:3
BRDA:7,0,0,1
BRDA:29,1,0,0
BRDA:31,2,0,0
BRDA:36,3,0,0
BRDA:40,4,0,0
BRDA:40,4,1,0
BRDA:41,5,0,0
BRDA:41,5,1,0
BRDA:42,6,0,0
BRDA:42,6,1,0
BRF:10
BRH:1
end_of_record
TN:
SF:src\modules\auth\auth.repository.ts
FN:5,(anonymous_1)
FN:17,(anonymous_2)
FN:27,(anonymous_3)
FN:40,(anonymous_4)
FNF:4
FNH:2
FNDA:2,(anonymous_1)
FNDA:1,(anonymous_2)
FNDA:0,(anonymous_3)
FNDA:0,(anonymous_4)
DA:1,2
DA:4,2
DA:6,2
DA:8,2
DA:11,2
DA:13,0
DA:18,1
DA:19,1
DA:23,0
DA:28,0
DA:41,0
DA:42,0
DA:47,0
LF:13
LH:7
BRDA:33,0,0,0
BRDA:33,0,1,0
BRF:2
BRH:0
end_of_record
TN:
SF:src\modules\auth\auth.service.ts
FN:13,getUserRoles
FN:46,getDashboardRoute
FN:54,generateAccessToken
FN:62,generateRefreshToken
FN:72,(anonymous_5)
FN:74,(anonymous_6)
FN:122,(anonymous_7)
FN:158,(anonymous_8)
FN:181,(anonymous_9)
FN:244,(anonymous_10)
FN:284,(anonymous_11)
FNF:11
FNH:8
FNDA:2,getUserRoles
FNDA:2,getDashboardRoute
FNDA:2,generateAccessToken
FNDA:2,generateRefreshToken
FNDA:6,(anonymous_5)
FNDA:0,(anonymous_6)
FNDA:5,(anonymous_7)
FNDA:1,(anonymous_8)
FNDA:0,(anonymous_9)
FNDA:0,(anonymous_10)
FNDA:1,(anonymous_11)
DA:1,2
DA:2,2
DA:3,2
DA:5,2
DA:6,2
DA:7,2
DA:14,2
DA:18,2
DA:19,2
DA:20,2
DA:21,0
DA:22,0
DA:26,2
DA:27,0
DA:28,0
DA:31,0
DA:32,0
DA:33,0
DA:34,0
DA:35,0
DA:38,0
DA:42,2
DA:47,2
DA:48,0
DA:49,0
DA:50,0
DA:55,2
DA:63,2
DA:71,2
DA:72,6
DA:75,0
DA:76,0
DA:77,0
DA:80,0
DA:81,0
DA:82,0
DA:85,0
DA:87,0
DA:94,0
DA:95,0
DA:99,0
DA:100,0
DA:102,0
DA:123,5
DA:124,5
DA:125,1
DA:128,4
DA:129,4
DA:130,2
DA:133,2
DA:134,2
DA:135,2
DA:136,2
DA:138,2
DA:159,1
DA:160,1
DA:161,1
DA:164,0
DA:166,0
DA:182,0
DA:183,0
DA:184,0
DA:188,0
DA:189,0
DA:190,0
DA:191,0
DA:195,0
DA:196,0
DA:197,0
DA:198,0
DA:202,0
DA:203,0
DA:204,0
DA:205,0
DA:206,0
DA:210,0
DA:211,0
DA:212,0
DA:213,0
DA:214,0
DA:218,0
DA:230,0
DA:232,0
DA:245,0
DA:246,0
DA:247,0
DA:251,0
DA:252,0
DA:253,0
DA:257,0
DA:258,0
DA:261,0
DA:262,0
DA:265,0
DA:267,0
DA:275,0
DA:287,1
DA:288,1
DA:290,1
DA:293,0
DA:294,0
DA:295,0
DA:298,0
DA:299,0
DA:301,0
LF:105
LH:34
BRDA:18,0,0,2
BRDA:20,1,0,2
BRDA:20,1,1,0
BRDA:20,2,0,2
BRDA:20,2,1,2
BRDA:21,3,0,0
BRDA:21,3,1,0
BRDA:21,4,0,0
BRDA:21,4,1,0
BRDA:22,5,0,0
BRDA:22,6,0,0
BRDA:22,6,1,0
BRDA:26,7,0,0
BRDA:31,8,0,0
BRDA:31,9,0,0
BRDA:31,9,1,0
BRDA:33,10,0,0
BRDA:33,10,1,0
BRDA:34,11,0,0
BRDA:34,11,1,0
BRDA:35,12,0,0
BRDA:42,13,0,2
BRDA:42,13,1,0
BRDA:47,14,0,2
BRDA:48,15,0,0
BRDA:49,16,0,0
BRDA:72,17,0,1
BRDA:76,18,0,0
BRDA:81,19,0,0
BRDA:111,20,0,0
BRDA:111,20,1,0
BRDA:112,21,0,0
BRDA:112,21,1,0
BRDA:113,22,0,0
BRDA:113,22,1,0
BRDA:124,23,0,1
BRDA:129,24,0,2
BRDA:147,25,0,2
BRDA:147,25,1,2
BRDA:148,26,0,2
BRDA:148,26,1,2
BRDA:149,27,0,2
BRDA:149,27,1,2
BRDA:160,28,0,1
BRDA:173,29,0,0
BRDA:173,29,1,0
BRDA:174,30,0,0
BRDA:174,30,1,0
BRDA:175,31,0,0
BRDA:175,31,1,0
BRDA:183,32,0,0
BRDA:188,33,0,0
BRDA:188,34,0,0
BRDA:188,34,1,0
BRDA:190,35,0,0
BRDA:190,36,0,0
BRDA:190,36,1,0
BRDA:195,37,0,0
BRDA:195,38,0,0
BRDA:195,38,1,0
BRDA:197,39,0,0
BRDA:197,40,0,0
BRDA:197,40,1,0
BRDA:203,41,0,0
BRDA:203,42,0,0
BRDA:203,42,1,0
BRDA:205,43,0,0
BRDA:205,44,0,0
BRDA:205,44,1,0
BRDA:211,45,0,0
BRDA:211,46,0,0
BRDA:211,46,1,0
BRDA:213,47,0,0
BRDA:213,48,0,0
BRDA:213,48,1,0
BRDA:221,49,0,0
BRDA:221,49,1,0
BRDA:222,50,0,0
BRDA:222,50,1,0
BRDA:223,51,0,0
BRDA:223,51,1,0
BRDA:224,52,0,0
BRDA:224,52,1,0
BRDA:225,53,0,0
BRDA:225,53,1,0
BRDA:246,54,0,0
BRDA:252,55,0,0
BRDA:257,56,0,0
BRDA:261,57,0,0
BRDA:294,58,0,0
BRF:90
BRH:16
end_of_record
TN:
SF:src\modules\avances\avance.repository.ts
FN:5,(anonymous_1)
FN:27,(anonymous_2)
FN:36,(anonymous_3)
FN:45,(anonymous_4)
FN:49,(anonymous_5)
FN:53,(anonymous_6)
FN:63,(anonymous_7)
FNF:7
FNH:0
FNDA:0,(anonymous_1)
FNDA:0,(anonymous_2)
FNDA:0,(anonymous_3)
FNDA:0,(anonymous_4)
FNDA:0,(anonymous_5)
FNDA:0,(anonymous_6)
FNDA:0,(anonymous_7)
DA:1,1
DA:4,1
DA:6,0
DA:8,0
DA:14,0
DA:18,0
DA:23,0
DA:24,0
DA:28,0
DA:37,0
DA:46,0
DA:50,0
DA:54,0
DA:64,0
DA:68,0
LF:15
LH:2
BRDA:6,0,0,0
BRDA:14,1,0,0
BRDA:14,1,1,0
BRDA:23,2,0,0
BRDA:23,3,0,0
BRDA:23,3,1,0
BRDA:58,4,0,0
BRDA:58,4,1,0
BRF:8
BRH:0
end_of_record
TN:
SF:src\modules\avances\avance.service.ts
FN:9,(anonymous_0)
FN:11,(anonymous_1)
FN:20,(anonymous_2)
FN:34,(anonymous_3)
FN:43,(anonymous_4)
FN:62,(anonymous_5)
FN:73,(anonymous_6)
FNF:7
FNH:1
FNDA:1,(anonymous_0)
FNDA:0,(anonymous_1)
FNDA:0,(anonymous_2)
FNDA:0,(anonymous_3)
FNDA:0,(anonymous_4)
FNDA:0,(anonymous_5)
FNDA:0,(anonymous_6)
DA:1,1
DA:3,1
DA:8,1
DA:9,1
DA:12,0
DA:13,0
DA:14,0
DA:15,0
DA:16,0
DA:21,0
DA:22,0
DA:24,0
DA:25,0
DA:26,0
DA:29,0
DA:34,0
DA:44,0
DA:45,0
DA:47,0
DA:48,0
DA:50,0
DA:51,0
DA:63,0
DA:64,0
DA:66,0
DA:67,0
DA:69,0
DA:70,0
DA:74,0
DA:75,0
DA:77,0
DA:78,0
DA:81,0
DA:82,0
DA:83,0
LF:35
LH:4
BRDA:9,0,0,1
BRDA:12,1,0,0
BRDA:12,2,0,0
BRDA:12,2,1,0
BRDA:16,3,0,0
BRDA:16,3,1,0
BRDA:22,4,0,0
BRDA:45,5,0,0
BRDA:48,6,0,0
BRDA:64,7,0,0
BRDA:67,8,0,0
BRDA:75,9,0,0
BRDA:78,10,0,0
BRF:13
BRH:1
end_of_record
TN:
SF:src\modules\constancias\constancias.repository.ts
FN:4,(anonymous_1)
FN:13,(anonymous_2)
FN:20,(anonymous_3)
FN:30,(anonymous_4)
FN:42,(anonymous_5)
FNF:5
FNH:0
FNDA:0,(anonymous_1)
FNDA:0,(anonymous_2)
FNDA:0,(anonymous_3)
FNDA:0,(anonymous_4)
FNDA:0,(anonymous_5)
DA:1,1
DA:3,1
DA:5,0
DA:14,0
DA:21,0
DA:22,0
DA:24,0
DA:31,0
DA:43,0
LF:9
LH:2
BRDA:22,0,0,0
BRDA:33,1,0,0
BRDA:33,1,1,0
BRF:3
BRH:0
end_of_record
TN:
SF:src\modules\constancias\constancias.service.ts
FN:11,(anonymous_1)
FN:13,(anonymous_2)
FN:17,(anonymous_3)
FN:29,(anonymous_4)
FN:47,(anonymous_5)
FN:69,(anonymous_6)
FN:71,(anonymous_7)
FN:73,(anonymous_8)
FN:90,(anonymous_9)
FN:92,(anonymous_10)
FN:93,(anonymous_11)
FN:95,(anonymous_12)
FNF:12
FNH:1
FNDA:2,(anonymous_1)
FNDA:0,(anonymous_2)
FNDA:0,(anonymous_3)
FNDA:0,(anonymous_4)
FNDA:0,(anonymous_5)
FNDA:0,(anonymous_6)
FNDA:0,(anonymous_7)
FNDA:0,(anonymous_8)
FNDA:0,(anonymous_9)
FNDA:0,(anonymous_10)
FNDA:0,(anonymous_11)
FNDA:0,(anonymous_12)
DA:1,1
DA:2,1
DA:3,1
DA:4,1
DA:8,1
DA:10,1
DA:11,2
DA:14,0
DA:15,0
DA:17,0
DA:30,0
DA:31,0
DA:33,0
DA:49,0
DA:53,0
DA:69,0
DA:70,0
DA:71,0
DA:73,0
DA:76,0
DA:90,0
DA:91,0
DA:92,0
DA:94,0
DA:95,0
DA:97,0
DA:111,0
LF:27
LH:7
BRDA:11,0,0,2
BRDA:23,1,0,0
BRDA:23,1,1,0
BRDA:24,2,0,0
BRDA:24,2,1,0
BRDA:31,3,0,0
BRDA:41,4,0,0
BRDA:41,4,1,0
BRDA:42,5,0,0
BRDA:42,5,1,0
BRDA:61,6,0,0
BRDA:61,6,1,0
BRDA:82,7,0,0
BRDA:82,7,1,0
BRDA:84,8,0,0
BRDA:84,8,1,0
BRDA:85,9,0,0
BRDA:85,9,1,0
BRDA:92,10,0,0
BRDA:92,10,1,0
BRDA:106,11,0,0
BRDA:106,11,1,0
BRDA:107,12,0,0
BRDA:107,12,1,0
BRF:24
BRH:1
end_of_record
TN:
SF:src\modules\criterios\criterio.repository.ts
FN:5,(anonymous_1)
FN:12,(anonymous_2)
FN:22,(anonymous_3)
FN:33,(anonymous_4)
FNF:4
FNH:0
FNDA:0,(anonymous_1)
FNDA:0,(anonymous_2)
FNDA:0,(anonymous_3)
FNDA:0,(anonymous_4)
DA:1,1
DA:4,1
DA:6,0
DA:13,0
DA:23,0
DA:24,0
DA:25,0
DA:27,0
DA:34,0
LF:9
LH:2
BRDA:24,0,0,0
BRDA:25,1,0,0
BRF:2
BRH:0
end_of_record
TN:
SF:src\modules\criterios\criterio.service.ts
FN:10,(anonymous_1)
FN:12,(anonymous_2)
FN:32,(anonymous_3)
FN:50,(anonymous_4)
FN:68,(anonymous_5)
FN:92,(anonymous_6)
FN:93,(anonymous_7)
FN:104,(anonymous_8)
FNF:8
FNH:1
FNDA:2,(anonymous_1)
FNDA:0,(anonymous_2)
FNDA:0,(anonymous_3)
FNDA:0,(anonymous_4)
FNDA:0,(anonymous_5)
FNDA:0,(anonymous_6)
FNDA:0,(anonymous_7)
FNDA:0,(anonymous_8)
DA:1,1
DA:3,1
DA:4,1
DA:9,1
DA:10,2
DA:13,0
DA:14,0
DA:15,0
DA:17,0
DA:33,0
DA:34,0
DA:38,0
DA:41,0
DA:42,0
DA:43,0
DA:47,0
DA:50,0
DA:51,0
DA:52,0
DA:55,0
DA:56,0
DA:69,0
DA:70,0
DA:71,0
DA:75,0
DA:78,0
DA:79,0
DA:82,0
DA:83,0
DA:84,0
DA:88,0
DA:91,0
DA:92,0
DA:93,0
DA:95,0
DA:96,0
DA:100,0
DA:101,0
DA:105,0
DA:106,0
DA:107,0
DA:111,0
DA:114,0
DA:115,0
DA:118,0
DA:119,0
LF:46
LH:5
BRDA:10,0,0,2
BRDA:14,1,0,0
BRDA:24,2,0,0
BRDA:24,2,1,0
BRDA:33,3,0,0
BRDA:41,4,0,0
BRDA:42,5,0,0
BRDA:51,6,0,0
BRDA:70,7,0,0
BRDA:78,8,0,0
BRDA:78,9,0,0
BRDA:78,9,1,0
BRDA:82,10,0,0
BRDA:83,11,0,0
BRDA:95,12,0,0
BRDA:106,13,0,0
BRDA:114,14,0,0
BRDA:114,15,0,0
BRDA:114,15,1,0
BRF:19
BRH:1
end_of_record
TN:
SF:src\modules\equipos\equipo.repository.ts
FN:9,(anonymous_1)
FN:48,(anonymous_2)
FN:60,(anonymous_3)
FN:78,(anonymous_4)
FN:94,(anonymous_5)
FN:100,(anonymous_6)
FN:147,(anonymous_7)
FNF:7
FNH:0
FNDA:0,(anonymous_1)
FNDA:0,(anonymous_2)
FNDA:0,(anonymous_3)
FNDA:0,(anonymous_4)
FNDA:0,(anonymous_5)
FNDA:0,(anonymous_6)
FNDA:0,(anonymous_7)
DA:1,1
DA:8,1
DA:10,0
DA:11,0
DA:13,0
DA:14,0
DA:15,0
DA:17,0
DA:18,0
DA:21,0
DA:45,0
DA:49,0
DA:61,0
DA:79,0
DA:80,0
DA:81,0
DA:82,0
DA:83,0
DA:84,0
DA:85,0
DA:86,0
DA:88,0
DA:95,0
DA:102,0
DA:103,0
DA:107,0
DA:108,0
DA:110,0
DA:111,0
DA:112,0
DA:113,0
DA:117,0
DA:119,0
DA:120,0
DA:122,0
DA:124,0
DA:133,0
DA:142,0
DA:143,0
DA:148,0
LF:40
LH:2
BRDA:10,0,0,0
BRDA:10,1,0,0
BRDA:14,2,0,0
BRDA:14,3,0,0
BRDA:14,3,1,0
BRDA:17,4,0,0
BRDA:27,5,0,0
BRDA:27,5,1,0
BRDA:52,6,0,0
BRDA:52,6,1,0
BRDA:53,7,0,0
BRDA:53,7,1,0
BRDA:54,8,0,0
BRDA:54,8,1,0
BRDA:80,9,0,0
BRDA:81,10,0,0
BRDA:83,11,0,0
BRDA:85,12,0,0
BRDA:103,13,0,0
BRDA:103,13,1,0
BRDA:107,14,0,0
BRDA:107,14,1,0
BRDA:110,15,0,0
BRDA:110,15,1,0
BRDA:110,16,0,0
BRDA:110,16,1,0
BRDA:111,17,0,0
BRDA:111,17,1,0
BRDA:112,18,0,0
BRDA:112,18,1,0
BRDA:112,19,0,0
BRDA:112,19,1,0
BRDA:113,20,0,0
BRF:33
BRH:0
end_of_record
TN:
SF:src\modules\equipos\equipo.service.ts
FN:14,(anonymous_10)
FN:16,(anonymous_11)
FN:21,(anonymous_12)
FN:25,(anonymous_13)
FN:28,(anonymous_14)
FN:43,(anonymous_15)
FN:74,(anonymous_16)
FN:79,(anonymous_17)
FN:99,(anonymous_18)
FN:109,(anonymous_19)
FN:129,(anonymous_20)
FN:137,(anonymous_21)
FN:145,(anonymous_22)
FN:156,(anonymous_23)
FN:196,(anonymous_24)
FN:197,(anonymous_25)
FN:208,(anonymous_26)
FNF:17
FNH:1
FNDA:1,(anonymous_10)
FNDA:0,(anonymous_11)
FNDA:0,(anonymous_12)
FNDA:0,(anonymous_13)
FNDA:0,(anonymous_14)
FNDA:0,(anonymous_15)
FNDA:0,(anonymous_16)
FNDA:0,(anonymous_17)
FNDA:0,(anonymous_18)
FNDA:0,(anonymous_19)
FNDA:0,(anonymous_20)
FNDA:0,(anonymous_21)
FNDA:0,(anonymous_22)
FNDA:0,(anonymous_23)
FNDA:0,(anonymous_24)
FNDA:0,(anonymous_25)
FNDA:0,(anonymous_26)
DA:1,1
DA:3,1
DA:4,1
DA:9,1
DA:13,1
DA:14,1
DA:17,0
DA:18,0
DA:19,0
DA:21,0
DA:26,0
DA:27,0
DA:28,0
DA:31,0
DA:43,0
DA:60,0
DA:75,0
DA:76,0
DA:80,0
DA:81,0
DA:82,0
DA:85,0
DA:99,0
DA:109,0
DA:126,0
DA:130,0
DA:131,0
DA:133,0
DA:134,0
DA:138,0
DA:139,0
DA:141,0
DA:142,0
DA:146,0
DA:147,0
DA:150,0
DA:151,0
DA:155,0
DA:156,0
DA:158,0
DA:159,0
DA:163,0
DA:164,0
DA:168,0
DA:169,0
DA:171,0
DA:180,0
DA:181,0
DA:186,0
DA:187,0
DA:188,0
DA:189,0
DA:192,0
DA:193,0
DA:197,0
DA:200,0
DA:204,0
DA:206,0
DA:208,0
DA:210,0
DA:215,0
DA:216,0
DA:221,0
DA:222,0
DA:230,0
LF:65
LH:6
BRDA:14,0,0,1
BRDA:18,1,0,0
BRDA:18,1,1,0
BRDA:19,2,0,0
BRDA:19,2,1,0
BRDA:26,3,0,0
BRDA:26,4,0,0
BRDA:26,4,1,0
BRDA:27,5,0,0
BRDA:27,5,1,0
BRDA:28,6,0,0
BRDA:28,6,1,0
BRDA:36,7,0,0
BRDA:36,7,1,0
BRDA:52,8,0,0
BRDA:52,8,1,0
BRDA:54,9,0,0
BRDA:54,9,1,0
BRDA:54,10,0,0
BRDA:54,10,1,0
BRDA:54,11,0,0
BRDA:54,11,1,0
BRDA:55,12,0,0
BRDA:55,12,1,0
BRDA:81,13,0,0
BRDA:89,14,0,0
BRDA:89,14,1,0
BRDA:89,15,0,0
BRDA:89,15,1,0
BRDA:94,16,0,0
BRDA:94,16,1,0
BRDA:99,17,0,0
BRDA:99,17,1,0
BRDA:104,18,0,0
BRDA:104,18,1,0
BRDA:118,19,0,0
BRDA:118,19,1,0
BRDA:120,20,0,0
BRDA:120,20,1,0
BRDA:120,21,0,0
BRDA:120,21,1,0
BRDA:120,22,0,0
BRDA:120,22,1,0
BRDA:121,23,0,0
BRDA:121,23,1,0
BRDA:131,24,0,0
BRDA:139,25,0,0
BRDA:147,26,0,0
BRDA:150,27,0,0
BRDA:158,28,0,0
BRDA:163,29,0,0
BRDA:168,30,0,0
BRDA:168,31,0,0
BRDA:168,31,1,0
BRDA:180,32,0,0
BRDA:187,33,0,0
BRDA:187,33,1,0
BRDA:188,34,0,0
BRDA:188,35,0,0
BRDA:188,35,1,0
BRDA:204,36,0,0
BRDA:215,37,0,0
BRDA:221,38,0,0
BRF:63
BRH:1
end_of_record
TN:
SF:src\modules\eventos\evento.repository.ts
FN:5,(anonymous_1)
FN:25,(anonymous_2)
FN:37,(anonymous_3)
FN:51,(anonymous_4)
FN:66,(anonymous_5)
FN:70,(anonymous_6)
FN:79,(anonymous_7)
FN:87,(anonymous_8)
FN:96,(anonymous_9)
FN:107,(anonymous_10)
FNF:10
FNH:0
FNDA:0,(anonymous_1)
FNDA:0,(anonymous_2)
FNDA:0,(anonymous_3)
FNDA:0,(anonymous_4)
FNDA:0,(anonymous_5)
FNDA:0,(anonymous_6)
FNDA:0,(anonymous_7)
FNDA:0,(anonymous_8)
FNDA:0,(anonymous_9)
FNDA:0,(anonymous_10)
DA:1,2
DA:4,2
DA:6,0
DA:7,0
DA:9,0
DA:22,0
DA:26,0
DA:38,0
DA:52,0
DA:53,0
DA:54,0
DA:55,0
DA:56,0
DA:57,0
DA:60,0
DA:67,0
DA:72,0
DA:77,0
DA:78,0
DA:79,0
DA:88,0
DA:97,0
DA:109,0
DA:113,0
LF:24
LH:2
BRDA:6,0,0,0
BRDA:6,1,0,0
BRDA:44,2,0,0
BRDA:44,2,1,0
BRDA:53,3,0,0
BRDA:54,4,0,0
BRDA:55,5,0,0
BRDA:56,6,0,0
BRDA:57,7,0,0
BRDA:77,8,0,0
BRF:10
BRH:0
end_of_record
TN:
SF:src\modules\eventos\evento.service.ts
FN:9,(anonymous_9)
FN:11,(anonymous_10)
FN:19,(anonymous_11)
FN:33,(anonymous_12)
FN:41,(anonymous_13)
FN:56,(anonymous_14)
FN:63,(anonymous_15)
FN:73,(anonymous_16)
FN:96,(anonymous_17)
FN:103,(anonymous_18)
FN:107,(anonymous_19)
FN:121,(anonymous_20)
FN:141,(anonymous_21)
FN:148,(anonymous_22)
FN:152,(anonymous_23)
FN:162,(anonymous_24)
FN:176,(anonymous_25)
FN:180,(anonymous_26)
FN:188,(anonymous_27)
FN:202,(anonymous_28)
FN:206,(anonymous_29)
FN:224,(anonymous_30)
FNF:22
FNH:4
FNDA:6,(anonymous_9)
FNDA:0,(anonymous_10)
FNDA:0,(anonymous_11)
FNDA:2,(anonymous_12)
FNDA:0,(anonymous_13)
FNDA:0,(anonymous_14)
FNDA:0,(anonymous_15)
FNDA:2,(anonymous_16)
FNDA:0,(anonymous_17)
FNDA:0,(anonymous_18)
FNDA:0,(anonymous_19)
FNDA:0,(anonymous_20)
FNDA:0,(anonymous_21)
FNDA:0,(anonymous_22)
FNDA:0,(anonymous_23)
FNDA:2,(anonymous_24)
FNDA:0,(anonymous_25)
FNDA:0,(anonymous_26)
FNDA:0,(anonymous_27)
FNDA:0,(anonymous_28)
FNDA:0,(anonymous_29)
FNDA:0,(anonymous_30)
DA:1,2
DA:3,2
DA:8,2
DA:9,6
DA:12,0
DA:13,0
DA:14,0
DA:16,0
DA:19,0
DA:34,2
DA:35,2
DA:36,2
DA:39,0
DA:40,0
DA:41,0
DA:43,0
DA:56,0
DA:63,0
DA:70,0
DA:74,2
DA:75,2
DA:76,2
DA:77,2
DA:79,2
DA:80,1
DA:83,1
DA:84,1
DA:87,0
DA:95,0
DA:96,0
DA:97,0
DA:103,0
DA:106,0
DA:107,0
DA:108,0
DA:111,0
DA:114,0
DA:122,0
DA:123,0
DA:124,0
DA:127,0
DA:128,0
DA:131,0
DA:132,0
DA:134,0
DA:135,0
DA:138,0
DA:140,0
DA:141,0
DA:142,0
DA:148,0
DA:151,0
DA:152,0
DA:153,0
DA:156,0
DA:159,0
DA:163,2
DA:164,2
DA:165,1
DA:168,1
DA:169,1
DA:172,0
DA:173,0
DA:177,0
DA:178,0
DA:180,0
DA:190,0
DA:191,0
DA:193,0
DA:194,0
DA:195,0
DA:197,0
DA:198,0
DA:202,0
DA:203,0
DA:206,0
DA:207,0
DA:216,0
DA:217,0
DA:220,0
DA:221,0
DA:225,0
DA:226,0
DA:227,0
DA:228,0
DA:229,0
DA:230,0
DA:232,0
DA:233,0
DA:236,0
DA:237,0
DA:239,0
DA:240,0
LF:93
LH:20
BRDA:9,0,0,1
BRDA:13,1,0,0
BRDA:13,1,1,0
BRDA:14,2,0,0
BRDA:14,2,1,0
BRDA:35,3,0,2
BRDA:40,4,0,0
BRDA:40,4,1,0
BRDA:53,5,0,0
BRDA:53,5,1,0
BRDA:79,6,0,1
BRDA:83,7,0,1
BRDA:95,8,0,0
BRDA:95,9,0,0
BRDA:95,9,1,0
BRDA:106,10,0,0
BRDA:123,11,0,0
BRDA:127,12,0,0
BRDA:131,13,0,0
BRDA:131,13,1,0
BRDA:132,14,0,0
BRDA:132,14,1,0
BRDA:134,15,0,0
BRDA:140,16,0,0
BRDA:151,17,0,0
BRDA:164,18,0,1
BRDA:168,19,0,1
BRDA:191,20,0,0
BRDA:194,21,0,0
BRDA:197,22,0,0
BRDA:203,23,0,0
BRDA:216,24,0,0
BRDA:228,25,0,0
BRDA:229,26,0,0
BRDA:232,27,0,0
BRDA:239,28,0,0
BRF:36
BRH:6
end_of_record
TN:
SF:src\modules\invitaciones\invitacion.repository.ts
FN:6,(anonymous_1)
FN:23,(anonymous_2)
FN:36,(anonymous_3)
FN:49,(anonymous_4)
FN:55,(anonymous_5)
FN:75,(anonymous_6)
FNF:6
FNH:0
FNDA:0,(anonymous_1)
FNDA:0,(anonymous_2)
FNDA:0,(anonymous_3)
FNDA:0,(anonymous_4)
FNDA:0,(anonymous_5)
FNDA:0,(anonymous_6)
DA:1,1
DA:4,1
DA:7,0
DA:24,0
DA:37,0
DA:50,0
DA:56,0
DA:76,0
LF:8
LH:2
BRDA:43,0,0,0
BRDA:43,0,1,0
BRF:2
BRH:0
end_of_record
TN:
SF:src\modules\invitaciones\invitacion.service.ts
FN:9,(anonymous_0)
FN:11,(anonymous_1)
FN:15,(anonymous_2)
FN:31,(anonymous_3)
FN:35,(anonymous_4)
FN:53,(anonymous_5)
FN:66,(anonymous_6)
FN:79,(anonymous_7)
FNF:8
FNH:1
FNDA:1,(anonymous_0)
FNDA:0,(anonymous_1)
FNDA:0,(anonymous_2)
FNDA:0,(anonymous_3)
FNDA:0,(anonymous_4)
FNDA:0,(anonymous_5)
FNDA:0,(anonymous_6)
FNDA:0,(anonymous_7)
DA:1,1
DA:3,1
DA:8,1
DA:9,1
DA:12,0
DA:13,0
DA:15,0
DA:32,0
DA:33,0
DA:35,0
DA:54,0
DA:55,0
DA:67,0
DA:68,0
DA:70,0
DA:76,0
DA:80,0
DA:81,0
DA:83,0
DA:84,0
LF:20
LH:4
BRDA:9,0,0,1
BRDA:22,1,0,0
BRDA:22,1,1,0
BRDA:25,2,0,0
BRDA:25,2,1,0
BRDA:42,3,0,0
BRDA:42,3,1,0
BRDA:68,4,0,0
BRDA:68,5,0,0
BRDA:68,5,1,0
BRDA:81,6,0,0
BRF:11
BRH:1
end_of_record
TN:
SF:src\modules\jueces\juez.repository.ts
FN:7,(anonymous_1)
FN:19,(anonymous_2)
FN:39,(anonymous_3)
FN:48,(anonymous_4)
FN:61,(anonymous_5)
FN:88,(anonymous_6)
FN:89,(anonymous_7)
FN:90,(anonymous_8)
FN:91,(anonymous_9)
FN:115,(anonymous_10)
FN:124,(anonymous_11)
FN:152,(anonymous_12)
FN:155,(anonymous_13)
FN:169,(anonymous_14)
FN:185,(anonymous_15)
FN:219,(anonymous_16)
FNF:16
FNH:0
FNDA:0,(anonymous_1)
FNDA:0,(anonymous_2)
FNDA:0,(anonymous_3)
FNDA:0,(anonymous_4)
FNDA:0,(anonymous_5)
FNDA:0,(anonymous_6)
FNDA:0,(anonymous_7)
FNDA:0,(anonymous_8)
FNDA:0,(anonymous_9)
FNDA:0,(anonymous_10)
FNDA:0,(anonymous_11)
FNDA:0,(anonymous_12)
FNDA:0,(anonymous_13)
FNDA:0,(anonymous_14)
FNDA:0,(anonymous_15)
FNDA:0,(anonymous_16)
DA:1,1
DA:3,1
DA:6,1
DA:9,0
DA:18,0
DA:20,0
DA:38,0
DA:39,0
DA:42,0
DA:48,0
DA:58,0
DA:62,0
DA:84,0
DA:87,0
DA:88,0
DA:90,0
DA:91,0
DA:93,0
DA:108,0
DA:115,0
DA:125,0
DA:138,0
DA:141,0
DA:150,0
DA:152,0
DA:154,0
DA:155,0
DA:157,0
DA:160,0
DA:169,0
DA:186,0
DA:190,0
DA:193,0
DA:194,0
DA:195,0
DA:196,0
DA:198,0
DA:199,0
DA:203,0
DA:204,0
DA:207,0
DA:208,0
DA:212,0
DA:215,0
DA:216,0
DA:217,0
DA:219,0
DA:220,0
DA:222,0
DA:223,0
DA:226,0
DA:227,0
DA:230,0
DA:238,0
DA:239,0
DA:244,0
DA:257,0
LF:57
LH:3
BRDA:39,0,0,0
BRDA:39,0,1,0
BRDA:51,1,0,0
BRDA:51,1,1,0
BRDA:84,2,0,0
BRDA:88,3,0,0
BRDA:88,3,1,0
BRDA:98,4,0,0
BRDA:98,4,1,0
BRDA:138,5,0,0
BRDA:150,6,0,0
BRDA:166,7,0,0
BRDA:166,7,1,0
BRDA:175,8,0,0
BRDA:175,8,1,0
BRDA:181,9,0,0
BRDA:181,9,1,0
BRDA:190,10,0,0
BRDA:194,11,0,0
BRDA:195,12,0,0
BRDA:198,13,0,0
BRDA:204,14,0,0
BRDA:204,14,1,0
BRDA:207,15,0,0
BRDA:207,16,0,0
BRDA:207,16,1,0
BRDA:220,17,0,0
BRDA:226,18,0,0
BRDA:226,19,0,0
BRDA:226,19,1,0
BRDA:238,20,0,0
BRDA:238,20,1,0
BRF:32
BRH:0
end_of_record
TN:
SF:src\modules\jueces\juez.service.ts
FN:9,(anonymous_0)
FN:11,(anonymous_1)
FN:16,(anonymous_2)
FN:23,(anonymous_3)
FN:30,(anonymous_4)
FNF:5
FNH:1
FNDA:1,(anonymous_0)
FNDA:0,(anonymous_1)
FNDA:0,(anonymous_2)
FNDA:0,(anonymous_3)
FNDA:0,(anonymous_4)
DA:1,1
DA:3,1
DA:8,1
DA:9,1
DA:12,0
DA:13,0
DA:17,0
DA:18,0
DA:19,0
DA:24,0
DA:25,0
DA:27,0
DA:31,0
DA:32,0
LF:14
LH:4
BRDA:9,0,0,1
BRDA:18,1,0,0
BRDA:25,2,0,0
BRF:3
BRH:1
end_of_record
TN:
SF:src\modules\proyectos\proyecto.repository.ts
FN:7,(anonymous_1)
FN:36,(anonymous_2)
FN:51,(anonymous_3)
FN:83,(anonymous_4)
FN:95,(anonymous_5)
FNF:5
FNH:0
FNDA:0,(anonymous_1)
FNDA:0,(anonymous_2)
FNDA:0,(anonymous_3)
FNDA:0,(anonymous_4)
FNDA:0,(anonymous_5)
DA:1,2
DA:3,2
DA:6,2
DA:8,0
DA:9,0
DA:11,0
DA:12,0
DA:13,0
DA:15,0
DA:16,0
DA:19,0
DA:33,0
DA:37,0
DA:52,0
DA:59,0
DA:60,0
DA:63,0
DA:75,0
DA:84,0
DA:85,0
DA:86,0
DA:87,0
DA:89,0
DA:96,0
LF:24
LH:3
BRDA:8,0,0,0
BRDA:8,1,0,0
BRDA:12,2,0,0
BRDA:15,3,0,0
BRDA:59,4,0,0
BRDA:85,5,0,0
BRDA:86,6,0,0
BRDA:87,7,0,0
BRF:8
BRH:0
end_of_record
TN:
SF:src\modules\proyectos\proyecto.service.ts
FN:9,(anonymous_0)
FN:13,(anonymous_1)
FN:32,(anonymous_2)
FN:42,(anonymous_3)
FN:56,(anonymous_4)
FN:66,(anonymous_5)
FNF:6
FNH:6
FNDA:6,(anonymous_0)
FNDA:1,(anonymous_1)
FNDA:2,(anonymous_2)
FNDA:1,(anonymous_3)
FNDA:2,(anonymous_4)
FNDA:1,(anonymous_5)
DA:1,2
DA:2,2
DA:4,2
DA:6,2
DA:10,6
DA:14,1
DA:15,1
DA:16,1
DA:18,1
DA:33,2
DA:34,2
DA:35,2
DA:39,0
DA:43,1
DA:44,1
DA:57,2
DA:58,2
DA:59,2
DA:62,0
DA:63,0
DA:67,1
DA:68,1
DA:69,1
DA:72,0
DA:73,0
LF:25
LH:20
BRDA:10,0,0,0
BRDA:15,1,0,1
BRDA:15,1,1,0
BRDA:16,2,0,1
BRDA:16,2,1,0
BRDA:34,3,0,2
BRDA:58,4,0,2
BRDA:68,5,0,1
BRF:8
BRH:5
end_of_record
TN:
SF:src\modules\reportes\reportes.service.ts
FN:6,(anonymous_1)
FN:15,(anonymous_2)
FN:22,(anonymous_3)
FN:30,(anonymous_4)
FN:38,(anonymous_5)
FN:43,(anonymous_6)
FN:50,(anonymous_7)
FN:58,(anonymous_8)
FNF:8
FNH:0
FNDA:0,(anonymous_1)
FNDA:0,(anonymous_2)
FNDA:0,(anonymous_3)
FNDA:0,(anonymous_4)
FNDA:0,(anonymous_5)
FNDA:0,(anonymous_6)
FNDA:0,(anonymous_7)
FNDA:0,(anonymous_8)
DA:1,1
DA:2,1
DA:5,1
DA:7,0
DA:8,0
DA:9,0
DA:10,0
DA:12,0
DA:16,0
DA:19,0
DA:23,0
DA:30,0
DA:35,0
DA:39,0
DA:43,0
DA:47,0
DA:51,0
DA:58,0
DA:63,0
DA:67,1
LF:20
LH:4
BRDA:33,0,0,0
BRDA:33,0,1,0
BRF:2
BRH:0
end_of_record
TN:
SF:src\modules\resultados\ranking.service.ts
FN:4,(anonymous_1)
FN:23,(anonymous_2)
FN:27,(anonymous_3)
FN:41,(anonymous_4)
FN:50,(anonymous_5)
FN:67,(anonymous_6)
FN:71,(anonymous_7)
FN:88,(anonymous_8)
FN:96,(anonymous_9)
FN:116,(anonymous_10)
FN:132,(anonymous_11)
FNF:11
FNH:0
FNDA:0,(anonymous_1)
FNDA:0,(anonymous_2)
FNDA:0,(anonymous_3)
FNDA:0,(anonymous_4)
FNDA:0,(anonymous_5)
FNDA:0,(anonymous_6)
FNDA:0,(anonymous_7)
FNDA:0,(anonymous_8)
FNDA:0,(anonymous_9)
FNDA:0,(anonymous_10)
FNDA:0,(anonymous_11)
DA:1,1
DA:3,1
DA:5,0
DA:19,0
DA:23,0
DA:24,0
DA:25,0
DA:27,0
DA:28,0
DA:29,0
DA:30,0
DA:32,0
DA:33,0
DA:36,0
DA:37,0
DA:38,0
DA:39,0
DA:40,0
DA:41,0
DA:42,0
DA:43,0
DA:45,0
DA:47,0
DA:50,0
DA:58,0
DA:67,0
DA:68,0
DA:72,0
DA:77,0
DA:79,0
DA:83,0
DA:84,0
DA:85,0
DA:86,0
DA:88,0
DA:89,0
DA:90,0
DA:91,0
DA:92,0
DA:93,0
DA:96,0
DA:97,0
DA:98,0
DA:99,0
DA:100,0
DA:101,0
DA:102,0
DA:103,0
DA:104,0
DA:107,0
DA:108,0
DA:111,0
DA:112,0
DA:113,0
DA:114,0
DA:115,0
DA:116,0
DA:117,0
DA:118,0
DA:120,0
DA:122,0
DA:125,0
DA:133,0
DA:134,0
DA:135,0
DA:136,0
DA:137,0
LF:67
LH:2
BRDA:32,0,0,0
BRDA:37,1,0,0
BRDA:42,2,0,0
BRDA:42,2,1,0
BRDA:50,3,0,0
BRDA:50,3,1,0
BRDA:61,4,0,0
BRDA:61,4,1,0
BRDA:77,5,0,0
BRDA:92,6,0,0
BRDA:102,7,0,0
BRDA:107,8,0,0
BRDA:107,8,1,0
BRDA:112,9,0,0
BRDA:117,10,0,0
BRDA:117,10,1,0
BRDA:133,11,0,0
BRDA:133,11,1,0
BRDA:133,11,2,0
BRDA:133,11,3,0
BRF:20
BRH:0
end_of_record
TN:
SF:src\modules\resultados\resultados.service.ts
FN:9,(anonymous_1)
FN:69,(anonymous_2)
FN:115,(anonymous_3)
FNF:3
FNH:0
FNDA:0,(anonymous_1)
FNDA:0,(anonymous_2)
FNDA:0,(anonymous_3)
DA:1,1
DA:2,1
DA:3,1
DA:6,1
DA:8,1
DA:12,0
DA:13,0
DA:14,0
DA:16,0
DA:27,0
DA:28,0
DA:32,0
DA:34,0
DA:40,0
DA:41,0
DA:58,0
DA:59,0
DA:64,0
DA:69,0
DA:74,0
DA:75,0
DA:76,0
DA:77,0
DA:79,0
DA:80,0
DA:81,0
DA:82,0
DA:87,0
DA:88,0
DA:98,0
DA:102,0
DA:116,0
DA:130,0
DA:132,0
DA:134,0
DA:150,0
LF:36
LH:5
BRDA:12,0,0,0
BRDA:12,0,1,0
BRDA:14,1,0,0
BRDA:27,2,0,0
BRDA:27,3,0,0
BRDA:27,3,1,0
BRDA:32,4,0,0
BRDA:40,5,0,0
BRDA:40,5,1,0
BRDA:58,6,0,0
BRDA:79,7,0,0
BRDA:87,8,0,0
BRDA:130,9,0,0
BRDA:142,10,0,0
BRDA:142,10,1,0
BRDA:144,11,0,0
BRDA:144,11,1,0
BRF:17
BRH:0
end_of_record
